<?xml version="1.0" encoding="UTF-8"?>
<testng-results skipped="0" failed="1" ignored="0" total="1" passed="0">
  <reporter-output>
    <line>
      <![CDATA[
*****************************************************]]>
    </line>
    <line>
      <![CDATA[----------------------------------------------------]]>
    </line>
    <line>
      <![CDATA[Home Page Displayed]]>
    </line>
    <line>
      <![CDATA[----------------------------------------------------]]>
    </line>
    <line>
      <![CDATA[Lowestest Is Existing]]>
    </line>
    <line>
      <![CDATA[Cliked On Manage Link]]>
    </line>
    <line>
      <![CDATA[Cliked On Setup Application Module Link]]>
    </line>
    <line>
      <![CDATA[Cliked Configure_Category_list_Link]]>
    </line>
    <line>
      <![CDATA[values not available]]>
    </line>
    <line>
      <![CDATA[Cliked on BackBTN]]>
    </line>
    <line>
      <![CDATA[Cliked Configure_Module_Link]]>
    </line>
    <line>
      <![CDATA[Found Driver And Cliked On Driver]]>
    </line>
    <line>
      <![CDATA[Driver_CheckBox Already checked]]>
    </line>
    <line>
      <![CDATA[TestName:LoginToApplication Status:FAIL]]>
    </line>
  </reporter-output>
  <suite name="Suite" duration-ms="146249" started-at="2018-12-18T05:42:51Z" finished-at="2018-12-18T05:45:17Z">
    <groups>
    </groups>
    <test name="Test" duration-ms="146249" started-at="2018-12-18T05:42:51Z" finished-at="2018-12-18T05:45:17Z">
      <class name="com.test.CP_DriverWorkFlow">
        <test-method status="PASS" signature="initDriver()[pri:0, instance:com.test.CP_DriverWorkFlow@59494225]" name="initDriver" is-config="true" duration-ms="15" started-at="2018-12-18T11:12:51Z" finished-at="2018-12-18T11:12:51Z">
          <reporter-output>
          </reporter-output>
        </test-method> <!-- initDriver -->
        <test-method status="PASS" signature="openApplication()[pri:0, instance:com.test.CP_DriverWorkFlow@59494225]" name="openApplication" is-config="true" duration-ms="6707" started-at="2018-12-18T11:12:51Z" finished-at="2018-12-18T11:12:58Z">
          <reporter-output>
          </reporter-output>
        </test-method> <!-- openApplication -->
        <test-method status="FAIL" signature="LoginToApplication()[pri:0, instance:com.test.CP_DriverWorkFlow@59494225]" name="LoginToApplication" duration-ms="138583" started-at="2018-12-18T11:12:58Z" finished-at="2018-12-18T11:15:16Z">
          <exception class="org.openqa.selenium.NoSuchElementException">
            <message>
              <![CDATA[no such element: Unable to locate element: {"method":"xpath","selector":"(//tree-viewport)[1]"}
  (Session info: chrome=71.0.3578.80)
  (Driver info: chromedriver=2.44.609538 (b655c5a60b0b544917107a59d4153d4bf78e1b90),platform=Windows NT 10.0.17763 x86_64) (WARNING: The server did not provide any stacktrace information)
Command duration or timeout: 0 milliseconds
For documentation on this error, please visit: https://www.seleniumhq.org/exceptions/no_such_element.html
Build info: version: '3.141.59', revision: 'e82be7d358', time: '2018-11-14T08:25:48'
System info: host: 'MAC-LAP-125', ip: '192.168.6.109', os.name: 'Windows 10', os.arch: 'amd64', os.version: '10.0', java.version: '1.8.0_191'
Driver info: org.openqa.selenium.chrome.ChromeDriver
Capabilities {acceptInsecureCerts: false, acceptSslCerts: false, applicationCacheEnabled: false, browserConnectionEnabled: false, browserName: chrome, chrome: {chromedriverVersion: 2.44.609538 (b655c5a60b0b54..., userDataDir: C:\Users\AGAVIR~1\AppData\L...}, cssSelectorsEnabled: true, databaseEnabled: false, goog:chromeOptions: {debuggerAddress: localhost:50592}, handlesAlerts: true, hasTouchScreen: false, javascriptEnabled: true, locationContextEnabled: true, mobileEmulationEnabled: false, nativeEvents: true, networkConnectionEnabled: false, pageLoadStrategy: normal, platform: XP, platformName: XP, rotatable: false, setWindowRect: true, takesHeapSnapshot: true, takesScreenshot: true, unexpectedAlertBehaviour: ignore, unhandledPromptBehavior: ignore, version: 71.0.3578.80, webStorageEnabled: true}
Session ID: 71e88089bd91284c8cbfb19bcd745372
*** Element info: {Using=xpath, value=(//tree-viewport)[1]}]]>
            </message>
            <full-stacktrace>
              <![CDATA[org.openqa.selenium.NoSuchElementException: no such element: Unable to locate element: {"method":"xpath","selector":"(//tree-viewport)[1]"}
  (Session info: chrome=71.0.3578.80)
  (Driver info: chromedriver=2.44.609538 (b655c5a60b0b544917107a59d4153d4bf78e1b90),platform=Windows NT 10.0.17763 x86_64) (WARNING: The server did not provide any stacktrace information)
Command duration or timeout: 0 milliseconds
For documentation on this error, please visit: https://www.seleniumhq.org/exceptions/no_such_element.html
Build info: version: '3.141.59', revision: 'e82be7d358', time: '2018-11-14T08:25:48'
System info: host: 'MAC-LAP-125', ip: '192.168.6.109', os.name: 'Windows 10', os.arch: 'amd64', os.version: '10.0', java.version: '1.8.0_191'
Driver info: org.openqa.selenium.chrome.ChromeDriver
Capabilities {acceptInsecureCerts: false, acceptSslCerts: false, applicationCacheEnabled: false, browserConnectionEnabled: false, browserName: chrome, chrome: {chromedriverVersion: 2.44.609538 (b655c5a60b0b54..., userDataDir: C:\Users\AGAVIR~1\AppData\L...}, cssSelectorsEnabled: true, databaseEnabled: false, goog:chromeOptions: {debuggerAddress: localhost:50592}, handlesAlerts: true, hasTouchScreen: false, javascriptEnabled: true, locationContextEnabled: true, mobileEmulationEnabled: false, nativeEvents: true, networkConnectionEnabled: false, pageLoadStrategy: normal, platform: XP, platformName: XP, rotatable: false, setWindowRect: true, takesHeapSnapshot: true, takesScreenshot: true, unexpectedAlertBehaviour: ignore, unhandledPromptBehavior: ignore, version: 71.0.3578.80, webStorageEnabled: true}
Session ID: 71e88089bd91284c8cbfb19bcd745372
*** Element info: {Using=xpath, value=(//tree-viewport)[1]}
	at sun.reflect.NativeConstructorAccessorImpl.newInstance0(Native Method)
	at sun.reflect.NativeConstructorAccessorImpl.newInstance(Unknown Source)
	at sun.reflect.DelegatingConstructorAccessorImpl.newInstance(Unknown Source)
	at java.lang.reflect.Constructor.newInstance(Unknown Source)
	at org.openqa.selenium.remote.ErrorHandler.createThrowable(ErrorHandler.java:214)
	at org.openqa.selenium.remote.ErrorHandler.throwIfResponseFailed(ErrorHandler.java:166)
	at org.openqa.selenium.remote.http.JsonHttpResponseCodec.reconstructValue(JsonHttpResponseCodec.java:40)
	at org.openqa.selenium.remote.http.AbstractHttpResponseCodec.decode(AbstractHttpResponseCodec.java:80)
	at org.openqa.selenium.remote.http.AbstractHttpResponseCodec.decode(AbstractHttpResponseCodec.java:44)
	at org.openqa.selenium.remote.HttpCommandExecutor.execute(HttpCommandExecutor.java:158)
	at org.openqa.selenium.remote.service.DriverCommandExecutor.execute(DriverCommandExecutor.java:83)
	at org.openqa.selenium.remote.RemoteWebDriver.execute(RemoteWebDriver.java:552)
	at org.openqa.selenium.remote.RemoteWebDriver.findElement(RemoteWebDriver.java:323)
	at org.openqa.selenium.remote.RemoteWebDriver.findElementByXPath(RemoteWebDriver.java:428)
	at org.openqa.selenium.By$ByXPath.findElement(By.java:353)
	at org.openqa.selenium.remote.RemoteWebDriver.findElement(RemoteWebDriver.java:315)
	at org.openqa.selenium.support.pagefactory.DefaultElementLocator.findElement(DefaultElementLocator.java:69)
	at org.openqa.selenium.support.pagefactory.internal.LocatingElementHandler.invoke(LocatingElementHandler.java:38)
	at com.sun.proxy.$Proxy10.isDisplayed(Unknown Source)
	at com.pages.CP_HomePage.configure_Screens(CP_HomePage.java:318)
	at com.test.CP_DriverWorkFlow.LoginToApplication(CP_DriverWorkFlow.java:42)
	at sun.reflect.NativeMethodAccessorImpl.invoke0(Native Method)
	at sun.reflect.NativeMethodAccessorImpl.invoke(Unknown Source)
	at sun.reflect.DelegatingMethodAccessorImpl.invoke(Unknown Source)
	at java.lang.reflect.Method.invoke(Unknown Source)
	at org.testng.internal.MethodInvocationHelper.invokeMethod(MethodInvocationHelper.java:108)
	at org.testng.internal.Invoker.invokeMethod(Invoker.java:661)
	at org.testng.internal.Invoker.invokeTestMethod(Invoker.java:869)
	at org.testng.internal.Invoker.invokeTestMethods(Invoker.java:1193)
	at org.testng.internal.TestMethodWorker.invokeTestMethods(TestMethodWorker.java:126)
	at org.testng.internal.TestMethodWorker.run(TestMethodWorker.java:109)
	at org.testng.TestRunner.privateRun(TestRunner.java:744)
	at org.testng.TestRunner.run(TestRunner.java:602)
	at org.testng.SuiteRunner.runTest(SuiteRunner.java:380)
	at org.testng.SuiteRunner.runSequentially(SuiteRunner.java:375)
	at org.testng.SuiteRunner.privateRun(SuiteRunner.java:340)
	at org.testng.SuiteRunner.run(SuiteRunner.java:289)
	at org.testng.SuiteRunnerWorker.runSuite(SuiteRunnerWorker.java:52)
	at org.testng.SuiteRunnerWorker.run(SuiteRunnerWorker.java:86)
	at org.testng.TestNG.runSuitesSequentially(TestNG.java:1301)
	at org.testng.TestNG.runSuitesLocally(TestNG.java:1226)
	at org.testng.TestNG.runSuites(TestNG.java:1144)
	at org.testng.TestNG.run(TestNG.java:1115)
	at org.testng.remote.AbstractRemoteTestNG.run(AbstractRemoteTestNG.java:132)
	at org.testng.remote.RemoteTestNG.initAndRun(RemoteTestNG.java:230)
	at org.testng.remote.RemoteTestNG.main(RemoteTestNG.java:76)
]]>
            </full-stacktrace>
          </exception> <!-- org.openqa.selenium.NoSuchElementException -->
          <reporter-output>
            <line>
              <![CDATA[
*****************************************************]]>
            </line>
            <line>
              <![CDATA[----------------------------------------------------]]>
            </line>
            <line>
              <![CDATA[Home Page Displayed]]>
            </line>
            <line>
              <![CDATA[----------------------------------------------------]]>
            </line>
            <line>
              <![CDATA[Lowestest Is Existing]]>
            </line>
            <line>
              <![CDATA[Cliked On Manage Link]]>
            </line>
            <line>
              <![CDATA[Cliked On Setup Application Module Link]]>
            </line>
            <line>
              <![CDATA[Cliked Configure_Category_list_Link]]>
            </line>
            <line>
              <![CDATA[values not available]]>
            </line>
            <line>
              <![CDATA[Cliked on BackBTN]]>
            </line>
            <line>
              <![CDATA[Cliked Configure_Module_Link]]>
            </line>
            <line>
              <![CDATA[Found Driver And Cliked On Driver]]>
            </line>
            <line>
              <![CDATA[Driver_CheckBox Already checked]]>
            </line>
          </reporter-output>
        </test-method> <!-- LoginToApplication -->
        <test-method status="PASS" signature="closeApplication(org.testng.ITestResult)[pri:0, instance:com.test.CP_DriverWorkFlow@59494225]" name="closeApplication" is-config="true" duration-ms="925" started-at="2018-12-18T11:15:16Z" finished-at="2018-12-18T11:15:17Z">
          <params>
            <param index="0">
              <value>
                <![CDATA[[TestResult name=LoginToApplication status=FAILURE method=CP_DriverWorkFlow.LoginToApplication()[pri:0, instance:com.test.CP_DriverWorkFlow@59494225] output=
*****************************************************]]]>
              </value>
            </param>
          </params>
          <reporter-output>
            <line>
              <![CDATA[TestName:LoginToApplication Status:FAIL]]>
            </line>
          </reporter-output>
        </test-method> <!-- closeApplication -->
      </class> <!-- com.test.CP_DriverWorkFlow -->
    </test> <!-- Test -->
  </suite> <!-- Suite -->
</testng-results>
